<?xml version="1.0" encoding="UTF-8"?>
<!-- Generated by org.testng.reporters.JUnitXMLReporter -->
<testsuite ignored="0" hostname="LAPTOP-NVQRL7R7" failures="1" tests="10" name="Test" time="0.1" errors="0" timestamp="2022-11-18T00:09:08 GMT-05:00">
  <testcase classname="test.Testing1" name="f" time="0.004"/>
  <testcase classname="test.Testing1" name="f" time="0.002"/>
  <testcase classname="test.Testing1" name="test1" time="0.001"/>
  <testcase classname="test.Testing1" name="test2" time="0.003"/>
  <testcase classname="test.Testing1" name="test3" time="0.001"/>
  <testcase classname="test.Testing2" name="test4" time="0.001"/>
  <testcase classname="test.Testing2" name="test5" time="0.001"/>
  <testcase classname="test.Testing3" name="createUser" time="0.008">
    <failure type="java.lang.AssertionError" message="Verifying Element expected [true] but found [false]">
      <![CDATA[java.lang.AssertionError: Verifying Element expected [true] but found [false]
at test.Testing3.createUser(Testing3.java:17)
at java.base/java.util.ArrayList.forEach(ArrayList.java:1511)
... Removed 30 stack frames]]>
    </failure>
  </testcase> <!-- createUser -->
  <testcase classname="test.Testing3" name="editUser" time="0.0">
    <skipped/>
  </testcase> <!-- editUser -->
  <testcase classname="test.Testing3" name="deleteUser" time="0.0">
    <skipped/>
  </testcase> <!-- deleteUser -->
</testsuite> <!-- Test -->
