<?xml version="1.0" encoding="UTF-8"?>
<testng-results ignored="0" total="10" passed="7" failed="1" skipped="2">
  <reporter-output>
  </reporter-output>
  <suite started-at="2022-11-18T00:09:08 GMT-05:00" name="Suite" finished-at="2022-11-18T00:09:08 GMT-05:00" duration-ms="100">
    <groups>
      <group name="smoke ">
        <method signature="Testing3.createUser()[pri:1, instance:test.Testing3@13fd2ccd]" name="createUser" class="test.Testing3"/>
      </group> <!-- smoke  -->
      <group name="smoke">
        <method signature="Testing1.test1()[pri:0, instance:test.Testing1@201a4587]" name="test1" class="test.Testing1"/>
        <method signature="Testing1.test2()[pri:0, instance:test.Testing1@201a4587]" name="test2" class="test.Testing1"/>
        <method signature="Testing2.test4()[pri:0, instance:test.Testing2@1151e434]" name="test4" class="test.Testing2"/>
      </group> <!-- smoke -->
      <group name="sanity">
        <method signature="Testing2.test5()[pri:0, instance:test.Testing2@1151e434]" name="test5" class="test.Testing2"/>
      </group> <!-- sanity -->
      <group name="vishal">
        <method signature="Testing1.test3()[pri:0, instance:test.Testing1@201a4587]" name="test3" class="test.Testing1"/>
      </group> <!-- vishal -->
    </groups>
    <test started-at="2022-11-18T00:09:08 GMT-05:00" name="Test" finished-at="2022-11-18T00:09:08 GMT-05:00" duration-ms="100">
      <class name="test.Testing2">
        <test-method signature="test4()[pri:0, instance:test.Testing2@1151e434]" started-at="2022-11-18T00:09:08 GMT-05:00" name="test4" finished-at="2022-11-18T00:09:08 GMT-05:00" duration-ms="1" status="PASS">
          <reporter-output>
          </reporter-output>
        </test-method> <!-- test4 -->
        <test-method signature="test5()[pri:0, instance:test.Testing2@1151e434]" started-at="2022-11-18T00:09:08 GMT-05:00" name="test5" finished-at="2022-11-18T00:09:08 GMT-05:00" duration-ms="1" status="PASS">
          <reporter-output>
          </reporter-output>
        </test-method> <!-- test5 -->
      </class> <!-- test.Testing2 -->
      <class name="test.Testing3">
        <test-method signature="createUser()[pri:1, instance:test.Testing3@13fd2ccd]" started-at="2022-11-18T00:09:08 GMT-05:00" name="createUser" finished-at="2022-11-18T00:09:08 GMT-05:00" duration-ms="8" status="FAIL">
          <exception class="java.lang.AssertionError">
            <message>
              <![CDATA[Verifying Element expected [true] but found [false]]]>
            </message>
            <full-stacktrace>
              <![CDATA[java.lang.AssertionError: Verifying Element expected [true] but found [false]
at org.testng.Assert.fail(Assert.java:110)
at org.testng.Assert.failNotEquals(Assert.java:1413)
at org.testng.Assert.assertTrue(Assert.java:56)
at test.Testing3.createUser(Testing3.java:17)
at java.base/jdk.internal.reflect.NativeMethodAccessorImpl.invoke0(Native Method)
at java.base/jdk.internal.reflect.NativeMethodAccessorImpl.invoke(NativeMethodAccessorImpl.java:64)
at java.base/jdk.internal.reflect.DelegatingMethodAccessorImpl.invoke(DelegatingMethodAccessorImpl.java:43)
at java.base/java.lang.reflect.Method.invoke(Method.java:564)
at org.testng.internal.invokers.MethodInvocationHelper.invokeMethod(MethodInvocationHelper.java:139)
at org.testng.internal.invokers.TestInvoker.invokeMethod(TestInvoker.java:677)
at org.testng.internal.invokers.TestInvoker.invokeTestMethod(TestInvoker.java:221)
at org.testng.internal.invokers.MethodRunner.runInSequence(MethodRunner.java:50)
at org.testng.internal.invokers.TestInvoker$MethodInvocationAgent.invoke(TestInvoker.java:962)
at org.testng.internal.invokers.TestInvoker.invokeTestMethods(TestInvoker.java:194)
at org.testng.internal.invokers.TestMethodWorker.invokeTestMethods(TestMethodWorker.java:148)
at org.testng.internal.invokers.TestMethodWorker.run(TestMethodWorker.java:128)
at java.base/java.util.ArrayList.forEach(ArrayList.java:1511)
at org.testng.TestRunner.privateRun(TestRunner.java:806)
at org.testng.TestRunner.run(TestRunner.java:601)
at org.testng.SuiteRunner.runTest(SuiteRunner.java:433)
at org.testng.SuiteRunner.runSequentially(SuiteRunner.java:427)
at org.testng.SuiteRunner.privateRun(SuiteRunner.java:387)
at org.testng.SuiteRunner.run(SuiteRunner.java:330)
at org.testng.SuiteRunnerWorker.runSuite(SuiteRunnerWorker.java:52)
at org.testng.SuiteRunnerWorker.run(SuiteRunnerWorker.java:95)
at org.testng.TestNG.runSuitesSequentially(TestNG.java:1256)
at org.testng.TestNG.runSuitesLocally(TestNG.java:1176)
at org.testng.TestNG.runSuites(TestNG.java:1099)
at org.testng.TestNG.run(TestNG.java:1067)
at org.testng.remote.AbstractRemoteTestNG.run(AbstractRemoteTestNG.java:115)
at org.testng.remote.RemoteTestNG.initAndRun(RemoteTestNG.java:251)
at org.testng.remote.RemoteTestNG.main(RemoteTestNG.java:77)
]]>
            </full-stacktrace>
          </exception> <!-- java.lang.AssertionError -->
          <reporter-output>
          </reporter-output>
        </test-method> <!-- createUser -->
        <test-method signature="editUser()[pri:2, instance:test.Testing3@13fd2ccd]" started-at="2022-11-18T00:09:08 GMT-05:00" name="editUser" finished-at="2022-11-18T00:09:08 GMT-05:00" depends-on-methods="test.Testing3.createUser" duration-ms="0" status="SKIP">
          <exception class="java.lang.Throwable">
            <message>
              <![CDATA[Method test.Testing3.editUser() on instance test.Testing3@13fd2ccd depends on not successfully finished methods 
[test.Testing3.createUser() on instance test.Testing3@13fd2ccd]]]>
            </message>
            <full-stacktrace>
              <![CDATA[java.lang.Throwable: Method test.Testing3.editUser() on instance test.Testing3@13fd2ccd depends on not successfully finished methods 
[test.Testing3.createUser() on instance test.Testing3@13fd2ccd]
at org.testng.internal.invokers.TestInvoker.invokeTestMethods(TestInvoker.java:150)
at org.testng.internal.invokers.TestMethodWorker.invokeTestMethods(TestMethodWorker.java:148)
at org.testng.internal.invokers.TestMethodWorker.run(TestMethodWorker.java:128)
at java.base/java.util.ArrayList.forEach(ArrayList.java:1511)
at org.testng.TestRunner.privateRun(TestRunner.java:806)
at org.testng.TestRunner.run(TestRunner.java:601)
at org.testng.SuiteRunner.runTest(SuiteRunner.java:433)
at org.testng.SuiteRunner.runSequentially(SuiteRunner.java:427)
at org.testng.SuiteRunner.privateRun(SuiteRunner.java:387)
at org.testng.SuiteRunner.run(SuiteRunner.java:330)
at org.testng.SuiteRunnerWorker.runSuite(SuiteRunnerWorker.java:52)
at org.testng.SuiteRunnerWorker.run(SuiteRunnerWorker.java:95)
at org.testng.TestNG.runSuitesSequentially(TestNG.java:1256)
at org.testng.TestNG.runSuitesLocally(TestNG.java:1176)
at org.testng.TestNG.runSuites(TestNG.java:1099)
at org.testng.TestNG.run(TestNG.java:1067)
at org.testng.remote.AbstractRemoteTestNG.run(AbstractRemoteTestNG.java:115)
at org.testng.remote.RemoteTestNG.initAndRun(RemoteTestNG.java:251)
at org.testng.remote.RemoteTestNG.main(RemoteTestNG.java:77)
]]>
            </full-stacktrace>
          </exception> <!-- java.lang.Throwable -->
          <reporter-output>
          </reporter-output>
        </test-method> <!-- editUser -->
        <test-method signature="deleteUser()[pri:2, instance:test.Testing3@13fd2ccd]" started-at="2022-11-18T00:09:08 GMT-05:00" name="deleteUser" finished-at="2022-11-18T00:09:08 GMT-05:00" depends-on-methods="test.Testing3.editUser" duration-ms="0" status="SKIP">
          <exception class="java.lang.Throwable">
            <message>
              <![CDATA[Method test.Testing3.deleteUser() on instance test.Testing3@13fd2ccd depends on not successfully finished methods 
[test.Testing3.editUser() on instance test.Testing3@13fd2ccd]]]>
            </message>
            <full-stacktrace>
              <![CDATA[java.lang.Throwable: Method test.Testing3.deleteUser() on instance test.Testing3@13fd2ccd depends on not successfully finished methods 
[test.Testing3.editUser() on instance test.Testing3@13fd2ccd]
at org.testng.internal.invokers.TestInvoker.invokeTestMethods(TestInvoker.java:150)
at org.testng.internal.invokers.TestMethodWorker.invokeTestMethods(TestMethodWorker.java:148)
at org.testng.internal.invokers.TestMethodWorker.run(TestMethodWorker.java:128)
at java.base/java.util.ArrayList.forEach(ArrayList.java:1511)
at org.testng.TestRunner.privateRun(TestRunner.java:806)
at org.testng.TestRunner.run(TestRunner.java:601)
at org.testng.SuiteRunner.runTest(SuiteRunner.java:433)
at org.testng.SuiteRunner.runSequentially(SuiteRunner.java:427)
at org.testng.SuiteRunner.privateRun(SuiteRunner.java:387)
at org.testng.SuiteRunner.run(SuiteRunner.java:330)
at org.testng.SuiteRunnerWorker.runSuite(SuiteRunnerWorker.java:52)
at org.testng.SuiteRunnerWorker.run(SuiteRunnerWorker.java:95)
at org.testng.TestNG.runSuitesSequentially(TestNG.java:1256)
at org.testng.TestNG.runSuitesLocally(TestNG.java:1176)
at org.testng.TestNG.runSuites(TestNG.java:1099)
at org.testng.TestNG.run(TestNG.java:1067)
at org.testng.remote.AbstractRemoteTestNG.run(AbstractRemoteTestNG.java:115)
at org.testng.remote.RemoteTestNG.initAndRun(RemoteTestNG.java:251)
at org.testng.remote.RemoteTestNG.main(RemoteTestNG.java:77)
]]>
            </full-stacktrace>
          </exception> <!-- java.lang.Throwable -->
          <reporter-output>
          </reporter-output>
        </test-method> <!-- deleteUser -->
      </class> <!-- test.Testing3 -->
      <class name="test.Testing1">
        <test-method is-config="true" signature="beforeSuite()[pri:0, instance:test.Testing1@201a4587]" started-at="2022-11-18T00:09:08 GMT-05:00" name="beforeSuite" finished-at="2022-11-18T00:09:08 GMT-05:00" duration-ms="9" status="PASS">
          <reporter-output>
          </reporter-output>
        </test-method> <!-- beforeSuite -->
        <test-method is-config="true" signature="beforeTest()[pri:0, instance:test.Testing1@201a4587]" started-at="2022-11-18T00:09:08 GMT-05:00" name="beforeTest" finished-at="2022-11-18T00:09:08 GMT-05:00" duration-ms="1" status="PASS">
          <reporter-output>
          </reporter-output>
        </test-method> <!-- beforeTest -->
        <test-method is-config="true" signature="beforeClass()[pri:0, instance:test.Testing1@201a4587]" started-at="2022-11-18T00:09:08 GMT-05:00" name="beforeClass" finished-at="2022-11-18T00:09:08 GMT-05:00" duration-ms="0" status="PASS">
          <reporter-output>
          </reporter-output>
        </test-method> <!-- beforeClass -->
        <test-method is-config="true" signature="beforeMethod()[pri:0, instance:test.Testing1@201a4587]" started-at="2022-11-18T00:09:08 GMT-05:00" name="beforeMethod" finished-at="2022-11-18T00:09:08 GMT-05:00" duration-ms="1" status="PASS">
          <reporter-output>
          </reporter-output>
        </test-method> <!-- beforeMethod -->
        <test-method signature="f(java.lang.Integer,java.lang.String)[pri:0, instance:test.Testing1@201a4587]" started-at="2022-11-18T00:09:08 GMT-05:00" name="f" data-provider="dp" finished-at="2022-11-18T00:09:08 GMT-05:00" duration-ms="4" status="PASS">
          <params>
            <param index="0">
              <value>
                <![CDATA[1]]>
              </value>
            </param>
            <param index="1">
              <value>
                <![CDATA[a]]>
              </value>
            </param>
          </params>
          <reporter-output>
          </reporter-output>
        </test-method> <!-- f -->
        <test-method is-config="true" signature="afterMethod()[pri:0, instance:test.Testing1@201a4587]" started-at="2022-11-18T00:09:08 GMT-05:00" name="afterMethod" finished-at="2022-11-18T00:09:08 GMT-05:00" duration-ms="0" status="PASS">
          <reporter-output>
          </reporter-output>
        </test-method> <!-- afterMethod -->
        <test-method signature="f(java.lang.Integer,java.lang.String)[pri:0, instance:test.Testing1@201a4587]" started-at="2022-11-18T00:09:08 GMT-05:00" name="f" data-provider="dp" finished-at="2022-11-18T00:09:08 GMT-05:00" duration-ms="2" status="PASS">
          <params>
            <param index="0">
              <value>
                <![CDATA[2]]>
              </value>
            </param>
            <param index="1">
              <value>
                <![CDATA[b]]>
              </value>
            </param>
          </params>
          <reporter-output>
          </reporter-output>
        </test-method> <!-- f -->
        <test-method is-config="true" signature="beforeMethod()[pri:0, instance:test.Testing1@201a4587]" started-at="2022-11-18T00:09:08 GMT-05:00" name="beforeMethod" finished-at="2022-11-18T00:09:08 GMT-05:00" duration-ms="0" status="PASS">
          <reporter-output>
          </reporter-output>
        </test-method> <!-- beforeMethod -->
        <test-method is-config="true" signature="afterMethod()[pri:0, instance:test.Testing1@201a4587]" started-at="2022-11-18T00:09:08 GMT-05:00" name="afterMethod" finished-at="2022-11-18T00:09:08 GMT-05:00" duration-ms="1" status="PASS">
          <reporter-output>
          </reporter-output>
        </test-method> <!-- afterMethod -->
        <test-method is-config="true" signature="beforeMethod()[pri:0, instance:test.Testing1@201a4587]" started-at="2022-11-18T00:09:08 GMT-05:00" name="beforeMethod" finished-at="2022-11-18T00:09:08 GMT-05:00" duration-ms="2" status="PASS">
          <reporter-output>
          </reporter-output>
        </test-method> <!-- beforeMethod -->
        <test-method signature="test1()[pri:0, instance:test.Testing1@201a4587]" started-at="2022-11-18T00:09:08 GMT-05:00" name="test1" finished-at="2022-11-18T00:09:08 GMT-05:00" duration-ms="1" status="PASS">
          <reporter-output>
          </reporter-output>
        </test-method> <!-- test1 -->
        <test-method is-config="true" signature="afterMethod()[pri:0, instance:test.Testing1@201a4587]" started-at="2022-11-18T00:09:08 GMT-05:00" name="afterMethod" finished-at="2022-11-18T00:09:08 GMT-05:00" duration-ms="1" status="PASS">
          <reporter-output>
          </reporter-output>
        </test-method> <!-- afterMethod -->
        <test-method is-config="true" signature="beforeMethod()[pri:0, instance:test.Testing1@201a4587]" started-at="2022-11-18T00:09:08 GMT-05:00" name="beforeMethod" finished-at="2022-11-18T00:09:08 GMT-05:00" duration-ms="1" status="PASS">
          <reporter-output>
          </reporter-output>
        </test-method> <!-- beforeMethod -->
        <test-method signature="test2()[pri:0, instance:test.Testing1@201a4587]" started-at="2022-11-18T00:09:08 GMT-05:00" name="test2" finished-at="2022-11-18T00:09:08 GMT-05:00" duration-ms="3" status="PASS">
          <reporter-output>
          </reporter-output>
        </test-method> <!-- test2 -->
        <test-method is-config="true" signature="afterMethod()[pri:0, instance:test.Testing1@201a4587]" started-at="2022-11-18T00:09:08 GMT-05:00" name="afterMethod" finished-at="2022-11-18T00:09:08 GMT-05:00" duration-ms="1" status="PASS">
          <reporter-output>
          </reporter-output>
        </test-method> <!-- afterMethod -->
        <test-method signature="test3()[pri:0, instance:test.Testing1@201a4587]" started-at="2022-11-18T00:09:08 GMT-05:00" name="test3" finished-at="2022-11-18T00:09:08 GMT-05:00" duration-ms="1" status="PASS">
          <reporter-output>
          </reporter-output>
        </test-method> <!-- test3 -->
        <test-method is-config="true" signature="beforeMethod()[pri:0, instance:test.Testing1@201a4587]" started-at="2022-11-18T00:09:08 GMT-05:00" name="beforeMethod" finished-at="2022-11-18T00:09:08 GMT-05:00" duration-ms="0" status="PASS">
          <reporter-output>
          </reporter-output>
        </test-method> <!-- beforeMethod -->
        <test-method is-config="true" signature="afterMethod()[pri:0, instance:test.Testing1@201a4587]" started-at="2022-11-18T00:09:08 GMT-05:00" name="afterMethod" finished-at="2022-11-18T00:09:08 GMT-05:00" duration-ms="1" status="PASS">
          <reporter-output>
          </reporter-output>
        </test-method> <!-- afterMethod -->
        <test-method is-config="true" signature="afterClass()[pri:0, instance:test.Testing1@201a4587]" started-at="2022-11-18T00:09:08 GMT-05:00" name="afterClass" finished-at="2022-11-18T00:09:08 GMT-05:00" duration-ms="2" status="PASS">
          <reporter-output>
          </reporter-output>
        </test-method> <!-- afterClass -->
        <test-method is-config="true" signature="afterTest()[pri:0, instance:test.Testing1@201a4587]" started-at="2022-11-18T00:09:08 GMT-05:00" name="afterTest" finished-at="2022-11-18T00:09:08 GMT-05:00" duration-ms="0" status="PASS">
          <reporter-output>
          </reporter-output>
        </test-method> <!-- afterTest -->
        <test-method is-config="true" signature="afterSuite()[pri:0, instance:test.Testing1@201a4587]" started-at="2022-11-18T00:09:08 GMT-05:00" name="afterSuite" finished-at="2022-11-18T00:09:08 GMT-05:00" duration-ms="0" status="PASS">
          <reporter-output>
          </reporter-output>
        </test-method> <!-- afterSuite -->
      </class> <!-- test.Testing1 -->
    </test> <!-- Test -->
  </suite> <!-- Suite -->
</testng-results>
